{"/Users/ricardodainese/Documents/GitHub/KLogs/src/app/app.component.html": {"path":"/Users/ricardodainese/Documents/GitHub/KLogs/src/app/app.component.html","statementMap":{"0":{"start":{"line":1,"column":0},"end":{"line":1,"column":989}}},"fnMap":{},"branchMap":{},"s":{"0":1},"f":{},"b":{},"inputSourceMap":null,"_coverageSchema":"1a1c01bbd47fc00a2c39e90264f33305004495a9","hash":"a45dfe95925985463d043645b9c32c4f12bbb146"}
,"/Users/ricardodainese/Documents/GitHub/KLogs/src/app/app.component.ts": {"path":"/Users/ricardodainese/Documents/GitHub/KLogs/src/app/app.component.ts","statementMap":{"0":{"start":{"line":1,"column":0},"end":{"line":1,"column":70}},"1":{"start":{"line":2,"column":0},"end":{"line":2,"column":8}},"2":{"start":{"line":3,"column":0},"end":{"line":3,"column":8}},"3":{"start":{"line":4,"column":0},"end":{"line":4,"column":92}},"4":{"start":{"line":6,"column":0},"end":{"line":6,"column":8}},"5":{"start":{"line":7,"column":0},"end":{"line":7,"column":72}},"6":{"start":{"line":8,"column":0},"end":{"line":8,"column":64}},"7":{"start":{"line":9,"column":0},"end":{"line":9,"column":57}},"8":{"start":{"line":11,"column":0},"end":{"line":11,"column":52}},"9":{"start":{"line":19,"column":25},"end":{"line":102,"column":null}},"10":{"start":{"line":30,"column":22},"end":{"line":30,"column":50}},"11":{"start":{"line":31,"column":22},"end":{"line":31,"column":39}},"12":{"start":{"line":32,"column":22},"end":{"line":32,"column":43}},"13":{"start":{"line":20,"column":2},"end":{"line":20,"column":18}},"14":{"start":{"line":21,"column":2},"end":{"line":21,"column":25}},"15":{"start":{"line":22,"column":2},"end":{"line":22,"column":29}},"16":{"start":{"line":23,"column":2},"end":{"line":23,"column":37}},"17":{"start":{"line":24,"column":2},"end":{"line":24,"column":35}},"18":{"start":{"line":95,"column":10},"end":{"line":101,"column":4}},"19":{"start":{"line":96,"column":32},"end":{"line":96,"column":34}},"20":{"start":{"line":97,"column":4},"end":{"line":97,"column":98}},"21":{"start":{"line":98,"column":4},"end":{"line":98,"column":39}},"22":{"start":{"line":99,"column":4},"end":{"line":99,"column":95}},"23":{"start":{"line":100,"column":4},"end":{"line":100,"column":21}},"24":{"start":{"line":36,"column":4},"end":{"line":36,"column":46}},"25":{"start":{"line":37,"column":4},"end":{"line":37,"column":26}},"26":{"start":{"line":38,"column":4},"end":{"line":51,"column":9}},"27":{"start":{"line":40,"column":8},"end":{"line":40,"column":31}},"28":{"start":{"line":41,"column":8},"end":{"line":41,"column":48}},"29":{"start":{"line":43,"column":8},"end":{"line":50,"column":null}},"30":{"start":{"line":44,"column":10},"end":{"line":44,"column":33}},"31":{"start":{"line":46,"column":43},"end":{"line":46,"column":113}},"32":{"start":{"line":47,"column":10},"end":{"line":47,"column":56}},"33":{"start":{"line":55,"column":4},"end":{"line":55,"column":22}},"34":{"start":{"line":59,"column":4},"end":{"line":61,"column":null}},"35":{"start":{"line":60,"column":6},"end":{"line":60,"column":null}},"36":{"start":{"line":65,"column":4},"end":{"line":65,"column":85}},"37":{"start":{"line":67,"column":4},"end":{"line":72,"column":null}},"38":{"start":{"line":68,"column":6},"end":{"line":71,"column":null}},"39":{"start":{"line":69,"column":8},"end":{"line":69,"column":38}},"40":{"start":{"line":70,"column":8},"end":{"line":70,"column":29}},"41":{"start":{"line":76,"column":4},"end":{"line":76,"column":34}},"42":{"start":{"line":77,"column":4},"end":{"line":77,"column":25}},"43":{"start":{"line":81,"column":4},"end":{"line":83,"column":null}},"44":{"start":{"line":82,"column":6},"end":{"line":82,"column":33}},"45":{"start":{"line":87,"column":4},"end":{"line":87,"column":47}},"46":{"start":{"line":91,"column":27},"end":{"line":91,"column":73}},"47":{"start":{"line":92,"column":4},"end":{"line":92,"column":71}},"48":{"start":{"line":19,"column":13},"end":{"line":102,"column":null}},"49":{"start":{"line":19,"column":13},"end":{"line":19,"column":25}}},"fnMap":{"0":{"name":"(anonymous_0)","decl":{"start":{"line":30,"column":2},"end":{"line":30,"column":22}},"loc":{"start":{"line":32,"column":43},"end":{"line":33,"column":3}}},"1":{"name":"(anonymous_1)","decl":{"start":{"line":95,"column":27},"end":{"line":95,"column":28}},"loc":{"start":{"line":95,"column":53},"end":{"line":101,"column":3}}},"2":{"name":"(anonymous_2)","decl":{"start":{"line":35,"column":2},"end":{"line":35,"column":27}},"loc":{"start":{"line":35,"column":50},"end":{"line":52,"column":3}}},"3":{"name":"(anonymous_3)","decl":{"start":{"line":39,"column":18},"end":{"line":39,"column":21}},"loc":{"start":{"line":39,"column":24},"end":{"line":42,"column":7}}},"4":{"name":"(anonymous_4)","decl":{"start":{"line":42,"column":10},"end":{"line":42,"column":13}},"loc":{"start":{"line":42,"column":15},"end":{"line":51,"column":7}}},"5":{"name":"(anonymous_5)","decl":{"start":{"line":54,"column":2},"end":{"line":54,"column":19}},"loc":{"start":{"line":54,"column":19},"end":{"line":56,"column":3}}},"6":{"name":"(anonymous_6)","decl":{"start":{"line":58,"column":2},"end":{"line":58,"column":14}},"loc":{"start":{"line":58,"column":14},"end":{"line":62,"column":3}}},"7":{"name":"(anonymous_7)","decl":{"start":{"line":64,"column":2},"end":{"line":64,"column":12}},"loc":{"start":{"line":64,"column":12},"end":{"line":73,"column":3}}},"8":{"name":"(anonymous_8)","decl":{"start":{"line":67,"column":43},"end":{"line":67,"column":49}},"loc":{"start":{"line":67,"column":52},"end":{"line":72,"column":5}}},"9":{"name":"(anonymous_9)","decl":{"start":{"line":75,"column":2},"end":{"line":75,"column":23}},"loc":{"start":{"line":75,"column":23},"end":{"line":78,"column":3}}},"10":{"name":"(anonymous_10)","decl":{"start":{"line":80,"column":2},"end":{"line":80,"column":15}},"loc":{"start":{"line":80,"column":15},"end":{"line":84,"column":3}}},"11":{"name":"(anonymous_11)","decl":{"start":{"line":86,"column":2},"end":{"line":86,"column":22}},"loc":{"start":{"line":86,"column":49},"end":{"line":88,"column":3}}},"12":{"name":"(anonymous_12)","decl":{"start":{"line":90,"column":2},"end":{"line":90,"column":14}},"loc":{"start":{"line":90,"column":60},"end":{"line":93,"column":3}}}},"branchMap":{"0":{"loc":{"start":{"line":43,"column":8},"end":{"line":50,"column":null}},"type":"if","locations":[{"start":{"line":43,"column":8},"end":{"line":50,"column":null}},{"start":{"line":43,"column":8},"end":{"line":50,"column":null}}]},"1":{"loc":{"start":{"line":59,"column":4},"end":{"line":61,"column":null}},"type":"if","locations":[{"start":{"line":59,"column":4},"end":{"line":61,"column":null}},{"start":{"line":59,"column":4},"end":{"line":61,"column":null}}]},"2":{"loc":{"start":{"line":68,"column":6},"end":{"line":71,"column":null}},"type":"if","locations":[{"start":{"line":68,"column":6},"end":{"line":71,"column":null}},{"start":{"line":68,"column":6},"end":{"line":71,"column":null}}]},"3":{"loc":{"start":{"line":81,"column":4},"end":{"line":83,"column":null}},"type":"if","locations":[{"start":{"line":81,"column":4},"end":{"line":83,"column":null}},{"start":{"line":81,"column":4},"end":{"line":83,"column":null}}]}},"s":{"0":1,"1":1,"2":1,"3":1,"4":1,"5":1,"6":1,"7":1,"8":1,"9":1,"10":2,"11":2,"12":2,"13":2,"14":2,"15":2,"16":2,"17":2,"18":2,"19":0,"20":0,"21":0,"22":0,"23":0,"24":0,"25":0,"26":0,"27":0,"28":0,"29":0,"30":0,"31":0,"32":0,"33":0,"34":0,"35":0,"36":0,"37":0,"38":0,"39":0,"40":0,"41":0,"42":0,"43":0,"44":0,"45":0,"46":0,"47":0,"48":1,"49":1},"f":{"0":2,"1":0,"2":0,"3":0,"4":0,"5":0,"6":0,"7":0,"8":0,"9":0,"10":0,"11":0,"12":0},"b":{"0":[0,0],"1":[0,0],"2":[0,0],"3":[0,0]}}
,"/Users/ricardodainese/Documents/GitHub/KLogs/src/app/detail/detail.component.html": {"path":"/Users/ricardodainese/Documents/GitHub/KLogs/src/app/detail/detail.component.html","statementMap":{"0":{"start":{"line":1,"column":0},"end":{"line":1,"column":477}}},"fnMap":{},"branchMap":{},"s":{"0":2},"f":{},"b":{},"inputSourceMap":null,"_coverageSchema":"1a1c01bbd47fc00a2c39e90264f33305004495a9","hash":"69d6c04e594153eb985b86f4ae8c2701ba28f49f"}
,"/Users/ricardodainese/Documents/GitHub/KLogs/src/app/detail/detail.component.ts": {"path":"/Users/ricardodainese/Documents/GitHub/KLogs/src/app/detail/detail.component.ts","statementMap":{"0":{"start":{"line":1,"column":0},"end":{"line":1,"column":55}},"1":{"start":{"line":8,"column":28},"end":{"line":18,"column":null}},"2":{"start":{"line":10,"column":11},"end":{"line":10,"column":null}},"3":{"start":{"line":11,"column":11},"end":{"line":11,"column":39}},"4":{"start":{"line":8,"column":13},"end":{"line":18,"column":null}},"5":{"start":{"line":8,"column":13},"end":{"line":8,"column":28}}},"fnMap":{"0":{"name":"(anonymous_0)","decl":{"start":{"line":13,"column":2},"end":{"line":13,"column":null}},"loc":{"start":{"line":13,"column":2},"end":{"line":14,"column":3}}},"1":{"name":"(anonymous_1)","decl":{"start":{"line":16,"column":2},"end":{"line":16,"column":10}},"loc":{"start":{"line":16,"column":10},"end":{"line":17,"column":3}}}},"branchMap":{},"s":{"0":2,"1":2,"2":0,"3":0,"4":2,"5":2},"f":{"0":0,"1":0},"b":{}}
,"/Users/ricardodainese/Documents/GitHub/KLogs/src/app/dialogs/settings-dialog/settings-dialog.component.html": {"path":"/Users/ricardodainese/Documents/GitHub/KLogs/src/app/dialogs/settings-dialog/settings-dialog.component.html","statementMap":{"0":{"start":{"line":1,"column":0},"end":{"line":1,"column":888}}},"fnMap":{},"branchMap":{},"s":{"0":2},"f":{},"b":{},"inputSourceMap":null,"_coverageSchema":"1a1c01bbd47fc00a2c39e90264f33305004495a9","hash":"51fbdef9736b09b73f4ecc69614410d577c8eae6"}
,"/Users/ricardodainese/Documents/GitHub/KLogs/src/app/dialogs/settings-dialog/settings-dialog.component.ts": {"path":"/Users/ricardodainese/Documents/GitHub/KLogs/src/app/dialogs/settings-dialog/settings-dialog.component.ts","statementMap":{"0":{"start":{"line":1,"column":0},"end":{"line":1,"column":48}},"1":{"start":{"line":2,"column":0},"end":{"line":2,"column":8}},"2":{"start":{"line":3,"column":0},"end":{"line":3,"column":67}},"3":{"start":{"line":4,"column":0},"end":{"line":4,"column":8}},"4":{"start":{"line":5,"column":0},"end":{"line":5,"column":8}},"5":{"start":{"line":7,"column":0},"end":{"line":7,"column":8}},"6":{"start":{"line":8,"column":0},"end":{"line":8,"column":65}},"7":{"start":{"line":10,"column":0},"end":{"line":10,"column":61}},"8":{"start":{"line":11,"column":0},"end":{"line":11,"column":56}},"9":{"start":{"line":18,"column":36},"end":{"line":61,"column":null}},"10":{"start":{"line":23,"column":22},"end":{"line":23,"column":62}},"11":{"start":{"line":24,"column":22},"end":{"line":24,"column":46}},"12":{"start":{"line":25,"column":22},"end":{"line":25,"column":43}},"13":{"start":{"line":26,"column":21},"end":{"line":26,"column":69}},"14":{"start":{"line":21,"column":2},"end":{"line":21,"column":33}},"15":{"start":{"line":30,"column":31},"end":{"line":30,"column":87}},"16":{"start":{"line":32,"column":4},"end":{"line":34,"column":null}},"17":{"start":{"line":33,"column":6},"end":{"line":33,"column":32}},"18":{"start":{"line":36,"column":4},"end":{"line":40,"column":7}},"19":{"start":{"line":44,"column":4},"end":{"line":46,"column":null}},"20":{"start":{"line":45,"column":6},"end":{"line":45,"column":13}},"21":{"start":{"line":47,"column":4},"end":{"line":47,"column":85}},"22":{"start":{"line":48,"column":37},"end":{"line":48,"column":73}},"23":{"start":{"line":49,"column":4},"end":{"line":49,"column":51}},"24":{"start":{"line":50,"column":4},"end":{"line":50,"column":45}},"25":{"start":{"line":54,"column":4},"end":{"line":54,"column":31}},"26":{"start":{"line":58,"column":27},"end":{"line":58,"column":73}},"27":{"start":{"line":59,"column":4},"end":{"line":59,"column":71}},"28":{"start":{"line":18,"column":13},"end":{"line":61,"column":null}},"29":{"start":{"line":18,"column":13},"end":{"line":18,"column":36}}},"fnMap":{"0":{"name":"(anonymous_0)","decl":{"start":{"line":23,"column":2},"end":{"line":23,"column":22}},"loc":{"start":{"line":26,"column":69},"end":{"line":27,"column":3}}},"1":{"name":"(anonymous_1)","decl":{"start":{"line":29,"column":2},"end":{"line":29,"column":10}},"loc":{"start":{"line":29,"column":10},"end":{"line":41,"column":3}}},"2":{"name":"(anonymous_2)","decl":{"start":{"line":43,"column":2},"end":{"line":43,"column":14}},"loc":{"start":{"line":43,"column":14},"end":{"line":51,"column":3}}},"3":{"name":"(anonymous_3)","decl":{"start":{"line":53,"column":2},"end":{"line":53,"column":13}},"loc":{"start":{"line":53,"column":13},"end":{"line":55,"column":3}}},"4":{"name":"(anonymous_4)","decl":{"start":{"line":57,"column":2},"end":{"line":57,"column":14}},"loc":{"start":{"line":57,"column":60},"end":{"line":60,"column":3}}}},"branchMap":{"0":{"loc":{"start":{"line":32,"column":4},"end":{"line":34,"column":null}},"type":"if","locations":[{"start":{"line":32,"column":4},"end":{"line":34,"column":null}},{"start":{"line":32,"column":4},"end":{"line":34,"column":null}}]},"1":{"loc":{"start":{"line":37,"column":40},"end":{"line":37,"column":69}},"type":"cond-expr","locations":[{"start":{"line":37,"column":40},"end":{"line":37,"column":69}},{"start":{"line":37,"column":72},"end":{"line":37,"column":76}}]},"2":{"loc":{"start":{"line":38,"column":29},"end":{"line":38,"column":47}},"type":"cond-expr","locations":[{"start":{"line":38,"column":29},"end":{"line":38,"column":47}},{"start":{"line":38,"column":50},"end":{"line":38,"column":59}}]},"3":{"loc":{"start":{"line":39,"column":29},"end":{"line":39,"column":47}},"type":"cond-expr","locations":[{"start":{"line":39,"column":29},"end":{"line":39,"column":47}},{"start":{"line":39,"column":50},"end":{"line":39,"column":54}}]},"4":{"loc":{"start":{"line":44,"column":4},"end":{"line":46,"column":null}},"type":"if","locations":[{"start":{"line":44,"column":4},"end":{"line":46,"column":null}},{"start":{"line":44,"column":4},"end":{"line":46,"column":null}}]}},"s":{"0":2,"1":2,"2":2,"3":2,"4":2,"5":2,"6":2,"7":2,"8":2,"9":2,"10":0,"11":0,"12":0,"13":0,"14":0,"15":0,"16":0,"17":0,"18":0,"19":0,"20":0,"21":0,"22":0,"23":0,"24":0,"25":0,"26":0,"27":0,"28":2,"29":2},"f":{"0":0,"1":0,"2":0,"3":0,"4":0},"b":{"0":[0,0],"1":[0,0],"2":[0,0],"3":[0,0],"4":[0,0]}}
,"/Users/ricardodainese/Documents/GitHub/KLogs/src/app/dialogs/snackbar/snackbar.component.html": {"path":"/Users/ricardodainese/Documents/GitHub/KLogs/src/app/dialogs/snackbar/snackbar.component.html","statementMap":{"0":{"start":{"line":1,"column":0},"end":{"line":1,"column":97}}},"fnMap":{},"branchMap":{},"s":{"0":3},"f":{},"b":{},"inputSourceMap":null,"_coverageSchema":"1a1c01bbd47fc00a2c39e90264f33305004495a9","hash":"63640656bb7faa09276aa85ba3ae5dfadb2eb362"}
,"/Users/ricardodainese/Documents/GitHub/KLogs/src/app/dialogs/snackbar/snackbar.component.ts": {"path":"/Users/ricardodainese/Documents/GitHub/KLogs/src/app/dialogs/snackbar/snackbar.component.ts","statementMap":{"0":{"start":{"line":1,"column":0},"end":{"line":1,"column":48}},"1":{"start":{"line":2,"column":0},"end":{"line":2,"column":63}},"2":{"start":{"line":9,"column":30},"end":{"line":12,"column":null}},"3":{"start":{"line":10,"column":49},"end":{"line":10,"column":58}},"4":{"start":{"line":9,"column":13},"end":{"line":12,"column":null}},"5":{"start":{"line":9,"column":13},"end":{"line":9,"column":30}}},"fnMap":{"0":{"name":"(anonymous_0)","decl":{"start":{"line":10,"column":2},"end":{"line":10,"column":15}},"loc":{"start":{"line":10,"column":58},"end":{"line":11,"column":3}}}},"branchMap":{},"s":{"0":3,"1":3,"2":3,"3":1,"4":3,"5":3},"f":{"0":1},"b":{}}
,"/Users/ricardodainese/Documents/GitHub/KLogs/src/app/entities/error-type-enum.ts": {"path":"/Users/ricardodainese/Documents/GitHub/KLogs/src/app/entities/error-type-enum.ts","statementMap":{"0":{"start":{"line":1,"column":0},"end":{"line":1,"column":null}},"1":{"start":{"line":2,"column":2},"end":{"line":2,"column":null}},"2":{"start":{"line":3,"column":2},"end":{"line":3,"column":null}},"3":{"start":{"line":4,"column":2},"end":{"line":4,"column":null}}},"fnMap":{"0":{"name":"(anonymous_0)","decl":{"start":{"line":1,"column":0},"end":{"line":1,"column":12}},"loc":{"start":{"line":1,"column":25},"end":{"line":5,"column":1}}}},"branchMap":{"0":{"loc":{"start":{"line":1,"column":12},"end":{"line":1,"column":25}},"type":"binary-expr","locations":[{"start":{"line":1,"column":12},"end":{"line":1,"column":25}},{"start":{"line":1,"column":12},"end":{"line":1,"column":null}}]}},"s":{"0":2,"1":2,"2":2,"3":2},"f":{"0":2},"b":{"0":[2,2]}}
,"/Users/ricardodainese/Documents/GitHub/KLogs/src/app/entities/local-storage-enum.ts": {"path":"/Users/ricardodainese/Documents/GitHub/KLogs/src/app/entities/local-storage-enum.ts","statementMap":{"0":{"start":{"line":1,"column":0},"end":{"line":1,"column":null}},"1":{"start":{"line":2,"column":2},"end":{"line":2,"column":null}},"2":{"start":{"line":3,"column":2},"end":{"line":3,"column":null}}},"fnMap":{"0":{"name":"(anonymous_0)","decl":{"start":{"line":1,"column":0},"end":{"line":1,"column":12}},"loc":{"start":{"line":1,"column":28},"end":{"line":4,"column":1}}}},"branchMap":{"0":{"loc":{"start":{"line":1,"column":12},"end":{"line":1,"column":28}},"type":"binary-expr","locations":[{"start":{"line":1,"column":12},"end":{"line":1,"column":28}},{"start":{"line":1,"column":12},"end":{"line":1,"column":null}}]}},"s":{"0":5,"1":5,"2":5},"f":{"0":5},"b":{"0":[5,5]}}
,"/Users/ricardodainese/Documents/GitHub/KLogs/src/app/entities/messages-constants.ts": {"path":"/Users/ricardodainese/Documents/GitHub/KLogs/src/app/entities/messages-constants.ts","statementMap":{"0":{"start":{"line":1,"column":0},"end":{"line":1,"column":13}},"1":{"start":{"line":2,"column":25},"end":{"line":2,"column":82}},"2":{"start":{"line":3,"column":26},"end":{"line":3,"column":85}},"3":{"start":{"line":4,"column":26},"end":{"line":4,"column":90}}},"fnMap":{},"branchMap":{},"s":{"0":1,"1":1,"2":1,"3":1},"f":{},"b":{}}
,"/Users/ricardodainese/Documents/GitHub/KLogs/src/app/services/local-storage.service.ts": {"path":"/Users/ricardodainese/Documents/GitHub/KLogs/src/app/services/local-storage.service.ts","statementMap":{"0":{"start":{"line":1,"column":0},"end":{"line":1,"column":41}},"1":{"start":{"line":6,"column":32},"end":{"line":22,"column":null}},"2":{"start":{"line":12,"column":4},"end":{"line":12,"column":52}},"3":{"start":{"line":16,"column":4},"end":{"line":16,"column":57}},"4":{"start":{"line":20,"column":4},"end":{"line":20,"column":33}},"5":{"start":{"line":6,"column":13},"end":{"line":22,"column":null}},"6":{"start":{"line":6,"column":13},"end":{"line":6,"column":32}}},"fnMap":{"0":{"name":"(anonymous_0)","decl":{"start":{"line":8,"column":2},"end":{"line":8,"column":null}},"loc":{"start":{"line":8,"column":2},"end":{"line":9,"column":3}}},"1":{"name":"(anonymous_1)","decl":{"start":{"line":11,"column":2},"end":{"line":11,"column":5}},"loc":{"start":{"line":11,"column":28},"end":{"line":13,"column":3}}},"2":{"name":"(anonymous_2)","decl":{"start":{"line":15,"column":2},"end":{"line":15,"column":6}},"loc":{"start":{"line":15,"column":18},"end":{"line":17,"column":3}}},"3":{"name":"(anonymous_3)","decl":{"start":{"line":19,"column":2},"end":{"line":19,"column":8}},"loc":{"start":{"line":19,"column":20},"end":{"line":21,"column":3}}}},"branchMap":{},"s":{"0":6,"1":6,"2":0,"3":2,"4":0,"5":6,"6":6},"f":{"0":3,"1":0,"2":2,"3":0},"b":{}}
,"/Users/ricardodainese/Documents/GitHub/KLogs/src/app/services/microservice.service.ts": {"path":"/Users/ricardodainese/Documents/GitHub/KLogs/src/app/services/microservice.service.ts","statementMap":{"0":{"start":{"line":1,"column":0},"end":{"line":1,"column":41}},"1":{"start":{"line":2,"column":0},"end":{"line":2,"column":8}},"2":{"start":{"line":3,"column":0},"end":{"line":3,"column":48}},"3":{"start":{"line":4,"column":0},"end":{"line":4,"column":49}},"4":{"start":{"line":6,"column":0},"end":{"line":6,"column":8}},"5":{"start":{"line":7,"column":0},"end":{"line":7,"column":64}},"6":{"start":{"line":14,"column":32},"end":{"line":111,"column":null}},"7":{"start":{"line":18,"column":22},"end":{"line":18,"column":44}},"8":{"start":{"line":19,"column":22},"end":{"line":19,"column":62}},"9":{"start":{"line":20,"column":4},"end":{"line":20,"column":30}},"10":{"start":{"line":24,"column":31},"end":{"line":28,"column":null}},"11":{"start":{"line":29,"column":27},"end":{"line":31,"column":null}},"12":{"start":{"line":32,"column":4},"end":{"line":32,"column":20}},"13":{"start":{"line":37,"column":4},"end":{"line":37,"column":30}},"14":{"start":{"line":39,"column":4},"end":{"line":49,"column":null}},"15":{"start":{"line":40,"column":22},"end":{"line":42,"column":66}},"16":{"start":{"line":44,"column":6},"end":{"line":48,"column":10}},"17":{"start":{"line":51,"column":4},"end":{"line":51,"column":100}},"18":{"start":{"line":56,"column":4},"end":{"line":58,"column":null}},"19":{"start":{"line":57,"column":6},"end":{"line":57,"column":32}},"20":{"start":{"line":60,"column":4},"end":{"line":70,"column":null}},"21":{"start":{"line":61,"column":22},"end":{"line":63,"column":66}},"22":{"start":{"line":65,"column":6},"end":{"line":69,"column":10}},"23":{"start":{"line":72,"column":4},"end":{"line":72,"column":59}},"24":{"start":{"line":77,"column":20},"end":{"line":79,"column":64}},"25":{"start":{"line":81,"column":4},"end":{"line":88,"column":8}},"26":{"start":{"line":92,"column":23},"end":{"line":92,"column":25}},"27":{"start":{"line":93,"column":4},"end":{"line":99,"column":null}},"28":{"start":{"line":95,"column":6},"end":{"line":95,"column":41}},"29":{"start":{"line":98,"column":6},"end":{"line":98,"column":89}},"30":{"start":{"line":100,"column":4},"end":{"line":100,"column":32}},"31":{"start":{"line":101,"column":4},"end":{"line":101,"column":36}},"32":{"start":{"line":105,"column":38},"end":{"line":105,"column":94}},"33":{"start":{"line":106,"column":4},"end":{"line":108,"column":null}},"34":{"start":{"line":107,"column":6},"end":{"line":107,"column":38}},"35":{"start":{"line":14,"column":13},"end":{"line":111,"column":null}},"36":{"start":{"line":14,"column":13},"end":{"line":14,"column":32}}},"fnMap":{"0":{"name":"(anonymous_0)","decl":{"start":{"line":18,"column":2},"end":{"line":18,"column":22}},"loc":{"start":{"line":19,"column":62},"end":{"line":21,"column":3}}},"1":{"name":"(anonymous_1)","decl":{"start":{"line":23,"column":9},"end":{"line":23,"column":15}},"loc":{"start":{"line":23,"column":38},"end":{"line":33,"column":3}}},"2":{"name":"(anonymous_2)","decl":{"start":{"line":35,"column":2},"end":{"line":35,"column":13}},"loc":{"start":{"line":35,"column":13},"end":{"line":52,"column":3}}},"3":{"name":"(anonymous_3)","decl":{"start":{"line":54,"column":2},"end":{"line":54,"column":15}},"loc":{"start":{"line":54,"column":15},"end":{"line":73,"column":3}}},"4":{"name":"(anonymous_4)","decl":{"start":{"line":75,"column":2},"end":{"line":75,"column":9}},"loc":{"start":{"line":75,"column":20},"end":{"line":89,"column":3}}},"5":{"name":"(anonymous_5)","decl":{"start":{"line":91,"column":2},"end":{"line":91,"column":13}},"loc":{"start":{"line":91,"column":38},"end":{"line":102,"column":3}}},"6":{"name":"(anonymous_6)","decl":{"start":{"line":104,"column":10},"end":{"line":104,"column":28}},"loc":{"start":{"line":104,"column":28},"end":{"line":109,"column":3}}}},"branchMap":{"0":{"loc":{"start":{"line":39,"column":4},"end":{"line":49,"column":null}},"type":"if","locations":[{"start":{"line":39,"column":4},"end":{"line":49,"column":null}},{"start":{"line":39,"column":4},"end":{"line":49,"column":null}}]},"1":{"loc":{"start":{"line":56,"column":4},"end":{"line":58,"column":null}},"type":"if","locations":[{"start":{"line":56,"column":4},"end":{"line":58,"column":null}},{"start":{"line":56,"column":4},"end":{"line":58,"column":null}}]},"2":{"loc":{"start":{"line":60,"column":4},"end":{"line":70,"column":null}},"type":"if","locations":[{"start":{"line":60,"column":4},"end":{"line":70,"column":null}},{"start":{"line":60,"column":4},"end":{"line":70,"column":null}}]},"3":{"loc":{"start":{"line":93,"column":4},"end":{"line":99,"column":null}},"type":"if","locations":[{"start":{"line":93,"column":4},"end":{"line":99,"column":null}},{"start":{"line":93,"column":4},"end":{"line":99,"column":null}}]},"4":{"loc":{"start":{"line":106,"column":4},"end":{"line":108,"column":null}},"type":"if","locations":[{"start":{"line":106,"column":4},"end":{"line":108,"column":null}},{"start":{"line":106,"column":4},"end":{"line":108,"column":null}}]}},"s":{"0":4,"1":4,"2":4,"3":4,"4":4,"5":4,"6":4,"7":4,"8":4,"9":4,"10":1,"11":1,"12":1,"13":1,"14":1,"15":0,"16":0,"17":1,"18":0,"19":0,"20":0,"21":0,"22":0,"23":0,"24":0,"25":0,"26":0,"27":0,"28":0,"29":0,"30":0,"31":0,"32":5,"33":5,"34":0,"35":4,"36":4},"f":{"0":4,"1":1,"2":1,"3":0,"4":0,"5":0,"6":5},"b":{"0":[0,1],"1":[0,0],"2":[0,0],"3":[0,0],"4":[0,5]}}
,"/Users/ricardodainese/Documents/GitHub/KLogs/src/app/sidenav/filter.pipe.ts": {"path":"/Users/ricardodainese/Documents/GitHub/KLogs/src/app/sidenav/filter.pipe.ts","statementMap":{"0":{"start":{"line":1,"column":0},"end":{"line":1,"column":50}},"1":{"start":{"line":5,"column":23},"end":{"line":32,"column":null}},"2":{"start":{"line":8,"column":31},"end":{"line":12,"column":null}},"3":{"start":{"line":13,"column":4},"end":{"line":13,"column":22}},"4":{"start":{"line":18,"column":4},"end":{"line":20,"column":null}},"5":{"start":{"line":19,"column":6},"end":{"line":19,"column":62}},"6":{"start":{"line":21,"column":4},"end":{"line":23,"column":null}},"7":{"start":{"line":22,"column":6},"end":{"line":22,"column":19}},"8":{"start":{"line":24,"column":4},"end":{"line":24,"column":48}},"9":{"start":{"line":26,"column":38},"end":{"line":28,"column":6}},"10":{"start":{"line":27,"column":6},"end":{"line":27,"column":71}},"11":{"start":{"line":30,"column":4},"end":{"line":30,"column":103}},"12":{"start":{"line":5,"column":13},"end":{"line":32,"column":null}},"13":{"start":{"line":5,"column":13},"end":{"line":5,"column":23}}},"fnMap":{"0":{"name":"(anonymous_0)","decl":{"start":{"line":7,"column":10},"end":{"line":7,"column":16}},"loc":{"start":{"line":7,"column":57},"end":{"line":14,"column":3}}},"1":{"name":"(anonymous_1)","decl":{"start":{"line":16,"column":2},"end":{"line":16,"column":11}},"loc":{"start":{"line":16,"column":49},"end":{"line":31,"column":3}}},"2":{"name":"(anonymous_2)","decl":{"start":{"line":26,"column":51},"end":{"line":26,"column":53}},"loc":{"start":{"line":26,"column":56},"end":{"line":28,"column":5}}}},"branchMap":{"0":{"loc":{"start":{"line":18,"column":4},"end":{"line":20,"column":null}},"type":"if","locations":[{"start":{"line":18,"column":4},"end":{"line":20,"column":null}},{"start":{"line":18,"column":4},"end":{"line":20,"column":null}}]},"1":{"loc":{"start":{"line":21,"column":4},"end":{"line":23,"column":null}},"type":"if","locations":[{"start":{"line":21,"column":4},"end":{"line":23,"column":null}},{"start":{"line":21,"column":4},"end":{"line":23,"column":null}}]},"2":{"loc":{"start":{"line":30,"column":38},"end":{"line":30,"column":51}},"type":"cond-expr","locations":[{"start":{"line":30,"column":38},"end":{"line":30,"column":51}},{"start":{"line":30,"column":54},"end":{"line":30,"column":102}}]}},"s":{"0":1,"1":1,"2":0,"3":0,"4":0,"5":0,"6":0,"7":0,"8":0,"9":0,"10":0,"11":0,"12":1,"13":1},"f":{"0":0,"1":0,"2":0},"b":{"0":[0,0],"1":[0,0],"2":[0,0]}}
,"/Users/ricardodainese/Documents/GitHub/KLogs/src/app/sidenav/sidenav.component.html": {"path":"/Users/ricardodainese/Documents/GitHub/KLogs/src/app/sidenav/sidenav.component.html","statementMap":{"0":{"start":{"line":1,"column":0},"end":{"line":1,"column":1592}}},"fnMap":{},"branchMap":{},"s":{"0":2},"f":{},"b":{},"inputSourceMap":null,"_coverageSchema":"1a1c01bbd47fc00a2c39e90264f33305004495a9","hash":"dc27faa8f5b27dd600d1c8bc3e999e9b8d9058d3"}
,"/Users/ricardodainese/Documents/GitHub/KLogs/src/app/sidenav/sidenav.component.ts": {"path":"/Users/ricardodainese/Documents/GitHub/KLogs/src/app/sidenav/sidenav.component.ts","statementMap":{"0":{"start":{"line":1,"column":0},"end":{"line":1,"column":77}},"1":{"start":{"line":2,"column":0},"end":{"line":2,"column":8}},"2":{"start":{"line":4,"column":0},"end":{"line":4,"column":8}},"3":{"start":{"line":5,"column":0},"end":{"line":5,"column":64}},"4":{"start":{"line":12,"column":29},"end":{"line":69,"column":null}},"5":{"start":{"line":21,"column":22},"end":{"line":21,"column":50}},"6":{"start":{"line":22,"column":22},"end":{"line":22,"column":62}},"7":{"start":{"line":14,"column":12},"end":{"line":14,"column":51}},"8":{"start":{"line":15,"column":12},"end":{"line":15,"column":46}},"9":{"start":{"line":16,"column":2},"end":{"line":16,"column":28}},"10":{"start":{"line":17,"column":2},"end":{"line":17,"column":34}},"11":{"start":{"line":18,"column":2},"end":{"line":18,"column":null}},"12":{"start":{"line":19,"column":12},"end":{"line":19,"column":54}},"13":{"start":{"line":24,"column":25},"end":{"line":24,"column":71}},"14":{"start":{"line":26,"column":4},"end":{"line":28,"column":null}},"15":{"start":{"line":27,"column":6},"end":{"line":27,"column":43}},"16":{"start":{"line":33,"column":4},"end":{"line":35,"column":null}},"17":{"start":{"line":34,"column":6},"end":{"line":34,"column":25}},"18":{"start":{"line":39,"column":4},"end":{"line":39,"column":23}},"19":{"start":{"line":43,"column":4},"end":{"line":43,"column":36}},"20":{"start":{"line":44,"column":4},"end":{"line":44,"column":29}},"21":{"start":{"line":48,"column":4},"end":{"line":52,"column":10}},"22":{"start":{"line":50,"column":8},"end":{"line":50,"column":47}},"23":{"start":{"line":51,"column":8},"end":{"line":51,"column":46}},"24":{"start":{"line":56,"column":4},"end":{"line":56,"column":35}},"25":{"start":{"line":57,"column":4},"end":{"line":57,"column":78}},"26":{"start":{"line":61,"column":15},"end":{"line":61,"column":48}},"27":{"start":{"line":62,"column":4},"end":{"line":62,"column":40}},"28":{"start":{"line":63,"column":4},"end":{"line":63,"column":78}},"29":{"start":{"line":67,"column":4},"end":{"line":67,"column":76}},"30":{"start":{"line":12,"column":13},"end":{"line":69,"column":null}},"31":{"start":{"line":12,"column":13},"end":{"line":12,"column":29}}},"fnMap":{"0":{"name":"(anonymous_0)","decl":{"start":{"line":21,"column":2},"end":{"line":21,"column":22}},"loc":{"start":{"line":22,"column":62},"end":{"line":29,"column":3}}},"1":{"name":"(anonymous_1)","decl":{"start":{"line":31,"column":2},"end":{"line":31,"column":3}},"loc":{"start":{"line":32,"column":61},"end":{"line":36,"column":3}}},"2":{"name":"(anonymous_2)","decl":{"start":{"line":38,"column":2},"end":{"line":38,"column":10}},"loc":{"start":{"line":38,"column":10},"end":{"line":40,"column":3}}},"3":{"name":"(anonymous_3)","decl":{"start":{"line":42,"column":2},"end":{"line":42,"column":12}},"loc":{"start":{"line":42,"column":23},"end":{"line":45,"column":3}}},"4":{"name":"(anonymous_4)","decl":{"start":{"line":47,"column":2},"end":{"line":47,"column":13}},"loc":{"start":{"line":47,"column":13},"end":{"line":53,"column":3}}},"5":{"name":"(anonymous_5)","decl":{"start":{"line":49,"column":18},"end":{"line":49,"column":34}},"loc":{"start":{"line":49,"column":37},"end":{"line":52,"column":7}}},"6":{"name":"(anonymous_6)","decl":{"start":{"line":55,"column":2},"end":{"line":55,"column":17}},"loc":{"start":{"line":55,"column":28},"end":{"line":58,"column":3}}},"7":{"name":"(anonymous_7)","decl":{"start":{"line":60,"column":2},"end":{"line":60,"column":20}},"loc":{"start":{"line":60,"column":31},"end":{"line":64,"column":3}}},"8":{"name":"(anonymous_8)","decl":{"start":{"line":66,"column":2},"end":{"line":66,"column":12}},"loc":{"start":{"line":66,"column":23},"end":{"line":68,"column":3}}}},"branchMap":{"0":{"loc":{"start":{"line":26,"column":4},"end":{"line":28,"column":null}},"type":"if","locations":[{"start":{"line":26,"column":4},"end":{"line":28,"column":null}},{"start":{"line":26,"column":4},"end":{"line":28,"column":null}}]},"1":{"loc":{"start":{"line":33,"column":4},"end":{"line":35,"column":null}},"type":"if","locations":[{"start":{"line":33,"column":4},"end":{"line":35,"column":null}},{"start":{"line":33,"column":4},"end":{"line":35,"column":null}}]},"2":{"loc":{"start":{"line":67,"column":11},"end":{"line":67,"column":32}},"type":"binary-expr","locations":[{"start":{"line":67,"column":11},"end":{"line":67,"column":32}},{"start":{"line":67,"column":36},"end":{"line":67,"column":75}}]}},"s":{"0":2,"1":2,"2":2,"3":2,"4":2,"5":0,"6":0,"7":0,"8":0,"9":0,"10":0,"11":0,"12":0,"13":0,"14":0,"15":0,"16":0,"17":0,"18":0,"19":0,"20":0,"21":0,"22":0,"23":0,"24":0,"25":0,"26":0,"27":0,"28":0,"29":0,"30":2,"31":2},"f":{"0":0,"1":0,"2":0,"3":0,"4":0,"5":0,"6":0,"7":0,"8":0},"b":{"0":[0,0],"1":[0,0],"2":[0,0]}}
,"/Users/ricardodainese/Documents/GitHub/KLogs/src/app/toolbar/toolbar.component.html": {"path":"/Users/ricardodainese/Documents/GitHub/KLogs/src/app/toolbar/toolbar.component.html","statementMap":{"0":{"start":{"line":1,"column":0},"end":{"line":1,"column":1054}}},"fnMap":{},"branchMap":{},"s":{"0":2},"f":{},"b":{},"inputSourceMap":null,"_coverageSchema":"1a1c01bbd47fc00a2c39e90264f33305004495a9","hash":"0cfb99d6a2ebac48a13080e7c2d877bf3750c0ca"}
,"/Users/ricardodainese/Documents/GitHub/KLogs/src/app/toolbar/toolbar.component.ts": {"path":"/Users/ricardodainese/Documents/GitHub/KLogs/src/app/toolbar/toolbar.component.ts","statementMap":{"0":{"start":{"line":1,"column":0},"end":{"line":1,"column":77}},"1":{"start":{"line":2,"column":0},"end":{"line":2,"column":8}},"2":{"start":{"line":4,"column":0},"end":{"line":4,"column":64}},"3":{"start":{"line":5,"column":0},"end":{"line":5,"column":8}},"4":{"start":{"line":13,"column":29},"end":{"line":61,"column":null}},"5":{"start":{"line":24,"column":22},"end":{"line":24,"column":62}},"6":{"start":{"line":25,"column":22},"end":{"line":25,"column":50}},"7":{"start":{"line":15,"column":2},"end":{"line":15,"column":40}},"8":{"start":{"line":18,"column":11},"end":{"line":18,"column":46}},"9":{"start":{"line":20,"column":12},"end":{"line":20,"column":43}},"10":{"start":{"line":21,"column":12},"end":{"line":21,"column":53}},"11":{"start":{"line":22,"column":12},"end":{"line":22,"column":51}},"12":{"start":{"line":29,"column":4},"end":{"line":29,"column":77}},"13":{"start":{"line":30,"column":4},"end":{"line":34,"column":null}},"14":{"start":{"line":31,"column":6},"end":{"line":31,"column":32}},"15":{"start":{"line":33,"column":6},"end":{"line":33,"column":55}},"16":{"start":{"line":36,"column":4},"end":{"line":43,"column":9}},"17":{"start":{"line":38,"column":8},"end":{"line":38,"column":57}},"18":{"start":{"line":40,"column":8},"end":{"line":42,"column":null}},"19":{"start":{"line":41,"column":10},"end":{"line":41,"column":35}},"20":{"start":{"line":47,"column":4},"end":{"line":47,"column":null}},"21":{"start":{"line":51,"column":4},"end":{"line":51,"column":null}},"22":{"start":{"line":55,"column":4},"end":{"line":55,"column":39}},"23":{"start":{"line":56,"column":4},"end":{"line":56,"column":63}},"24":{"start":{"line":57,"column":4},"end":{"line":57,"column":40}},"25":{"start":{"line":58,"column":4},"end":{"line":58,"column":75}},"26":{"start":{"line":59,"column":4},"end":{"line":59,"column":34}},"27":{"start":{"line":13,"column":13},"end":{"line":61,"column":null}},"28":{"start":{"line":13,"column":13},"end":{"line":13,"column":29}}},"fnMap":{"0":{"name":"(anonymous_0)","decl":{"start":{"line":24,"column":2},"end":{"line":24,"column":22}},"loc":{"start":{"line":25,"column":50},"end":{"line":26,"column":3}}},"1":{"name":"(anonymous_1)","decl":{"start":{"line":28,"column":2},"end":{"line":28,"column":10}},"loc":{"start":{"line":28,"column":10},"end":{"line":44,"column":3}}},"2":{"name":"(anonymous_2)","decl":{"start":{"line":37,"column":18},"end":{"line":37,"column":39}},"loc":{"start":{"line":37,"column":42},"end":{"line":39,"column":7}}},"3":{"name":"(anonymous_3)","decl":{"start":{"line":39,"column":10},"end":{"line":39,"column":13}},"loc":{"start":{"line":39,"column":15},"end":{"line":43,"column":7}}},"4":{"name":"(anonymous_4)","decl":{"start":{"line":46,"column":2},"end":{"line":46,"column":12}},"loc":{"start":{"line":46,"column":12},"end":{"line":48,"column":3}}},"5":{"name":"(anonymous_5)","decl":{"start":{"line":50,"column":2},"end":{"line":50,"column":20}},"loc":{"start":{"line":50,"column":20},"end":{"line":52,"column":3}}},"6":{"name":"(anonymous_6)","decl":{"start":{"line":54,"column":2},"end":{"line":54,"column":16}},"loc":{"start":{"line":54,"column":34},"end":{"line":60,"column":3}}}},"branchMap":{"0":{"loc":{"start":{"line":30,"column":4},"end":{"line":34,"column":null}},"type":"if","locations":[{"start":{"line":30,"column":4},"end":{"line":34,"column":null}},{"start":{"line":30,"column":4},"end":{"line":34,"column":null}}]},"1":{"loc":{"start":{"line":40,"column":8},"end":{"line":42,"column":null}},"type":"if","locations":[{"start":{"line":40,"column":8},"end":{"line":42,"column":null}},{"start":{"line":40,"column":8},"end":{"line":42,"column":null}}]}},"s":{"0":2,"1":2,"2":2,"3":2,"4":2,"5":0,"6":0,"7":0,"8":0,"9":0,"10":0,"11":0,"12":0,"13":0,"14":0,"15":0,"16":0,"17":0,"18":0,"19":0,"20":0,"21":0,"22":0,"23":0,"24":0,"25":0,"26":0,"27":2,"28":2},"f":{"0":0,"1":0,"2":0,"3":0,"4":0,"5":0,"6":0},"b":{"0":[0,0],"1":[0,0]}}
,"/Users/ricardodainese/Documents/GitHub/KLogs/src/app/utils/snack-bar-utils.ts": {"path":"/Users/ricardodainese/Documents/GitHub/KLogs/src/app/utils/snack-bar-utils.ts","statementMap":{"0":{"start":{"line":2,"column":0},"end":{"line":2,"column":58}},"1":{"start":{"line":3,"column":0},"end":{"line":3,"column":62}},"2":{"start":{"line":7,"column":27},"end":{"line":7,"column":50}},"3":{"start":{"line":8,"column":4},"end":{"line":8,"column":null}},"4":{"start":{"line":9,"column":4},"end":{"line":9,"column":46}},"5":{"start":{"line":10,"column":4},"end":{"line":10,"column":47}},"6":{"start":{"line":11,"column":4},"end":{"line":11,"column":35}},"7":{"start":{"line":12,"column":4},"end":{"line":12,"column":64}},"8":{"start":{"line":14,"column":4},"end":{"line":14,"column":26}},"9":{"start":{"line":18,"column":31},"end":{"line":18,"column":33}},"10":{"start":{"line":19,"column":4},"end":{"line":31,"column":null}},"11":{"start":{"line":21,"column":8},"end":{"line":21,"column":42}},"12":{"start":{"line":22,"column":8},"end":{"line":22,"column":14}},"13":{"start":{"line":24,"column":8},"end":{"line":24,"column":41}},"14":{"start":{"line":25,"column":8},"end":{"line":25,"column":14}},"15":{"start":{"line":27,"column":8},"end":{"line":27,"column":44}},"16":{"start":{"line":28,"column":8},"end":{"line":28,"column":14}},"17":{"start":{"line":30,"column":8},"end":{"line":30,"column":14}},"18":{"start":{"line":32,"column":4},"end":{"line":32,"column":22}},"19":{"start":{"line":5,"column":0},"end":{"line":5,"column":21}}},"fnMap":{"0":{"name":"(anonymous_0)","decl":{"start":{"line":6,"column":2},"end":{"line":6,"column":8}},"loc":{"start":{"line":6,"column":72},"end":{"line":15,"column":3}}},"1":{"name":"(anonymous_1)","decl":{"start":{"line":17,"column":2},"end":{"line":17,"column":8}},"loc":{"start":{"line":17,"column":49},"end":{"line":33,"column":3}}}},"branchMap":{"0":{"loc":{"start":{"line":20,"column":6},"end":{"line":22,"column":14}},"type":"switch","locations":[{"start":{"line":20,"column":6},"end":{"line":22,"column":14}},{"start":{"line":23,"column":6},"end":{"line":25,"column":14}},{"start":{"line":26,"column":6},"end":{"line":28,"column":14}},{"start":{"line":29,"column":6},"end":{"line":30,"column":14}}]}},"s":{"0":2,"1":2,"2":0,"3":0,"4":0,"5":0,"6":0,"7":0,"8":0,"9":0,"10":0,"11":0,"12":0,"13":0,"14":0,"15":0,"16":0,"17":0,"18":0,"19":2},"f":{"0":0,"1":0},"b":{"0":[0,0,0,0]}}
}
